Determining if the pthread_create exist failed with the following output:
Change Dir: /home/richsoap/Workspaces/srsLTE/build/CMakeFiles/CMakeTmp

Run Build Command:"/usr/bin/make" "cmTC_e1972/fast"
/usr/bin/make -f CMakeFiles/cmTC_e1972.dir/build.make CMakeFiles/cmTC_e1972.dir/build
make[1]: Entering directory '/home/richsoap/Workspaces/srsLTE/build/CMakeFiles/CMakeTmp'
Building C object CMakeFiles/cmTC_e1972.dir/CheckSymbolExists.c.o
/usr/bin/cc     -o CMakeFiles/cmTC_e1972.dir/CheckSymbolExists.c.o   -c /home/richsoap/Workspaces/srsLTE/build/CMakeFiles/CMakeTmp/CheckSymbolExists.c
Linking C executable cmTC_e1972
/usr/bin/cmake -E cmake_link_script CMakeFiles/cmTC_e1972.dir/link.txt --verbose=1
/usr/bin/cc       CMakeFiles/cmTC_e1972.dir/CheckSymbolExists.c.o  -o cmTC_e1972 -rdynamic 
CMakeFiles/cmTC_e1972.dir/CheckSymbolExists.c.o：在函数‘main’中：
CheckSymbolExists.c:(.text+0x16)：对‘pthread_create’未定义的引用
collect2: error: ld returned 1 exit status
CMakeFiles/cmTC_e1972.dir/build.make:97: recipe for target 'cmTC_e1972' failed
make[1]: *** [cmTC_e1972] Error 1
make[1]: Leaving directory '/home/richsoap/Workspaces/srsLTE/build/CMakeFiles/CMakeTmp'
Makefile:126: recipe for target 'cmTC_e1972/fast' failed
make: *** [cmTC_e1972/fast] Error 2

File /home/richsoap/Workspaces/srsLTE/build/CMakeFiles/CMakeTmp/CheckSymbolExists.c:
/* */
#include <pthread.h>

int main(int argc, char** argv)
{
  (void)argv;
#ifndef pthread_create
  return ((int*)(&pthread_create))[argc];
#else
  (void)argc;
  return 0;
#endif
}

Determining if the function pthread_create exists in the pthreads failed with the following output:
Change Dir: /home/richsoap/Workspaces/srsLTE/build/CMakeFiles/CMakeTmp

Run Build Command:"/usr/bin/make" "cmTC_1ac72/fast"
/usr/bin/make -f CMakeFiles/cmTC_1ac72.dir/build.make CMakeFiles/cmTC_1ac72.dir/build
make[1]: Entering directory '/home/richsoap/Workspaces/srsLTE/build/CMakeFiles/CMakeTmp'
Building C object CMakeFiles/cmTC_1ac72.dir/CheckFunctionExists.c.o
/usr/bin/cc    -DCHECK_FUNCTION_EXISTS=pthread_create   -o CMakeFiles/cmTC_1ac72.dir/CheckFunctionExists.c.o   -c /usr/share/cmake-3.5/Modules/CheckFunctionExists.c
Linking C executable cmTC_1ac72
/usr/bin/cmake -E cmake_link_script CMakeFiles/cmTC_1ac72.dir/link.txt --verbose=1
/usr/bin/cc   -DCHECK_FUNCTION_EXISTS=pthread_create    CMakeFiles/cmTC_1ac72.dir/CheckFunctionExists.c.o  -o cmTC_1ac72 -rdynamic -lpthreads 
/usr/bin/ld: 找不到 -lpthreads
collect2: error: ld returned 1 exit status
CMakeFiles/cmTC_1ac72.dir/build.make:97: recipe for target 'cmTC_1ac72' failed
make[1]: *** [cmTC_1ac72] Error 1
make[1]: Leaving directory '/home/richsoap/Workspaces/srsLTE/build/CMakeFiles/CMakeTmp'
Makefile:126: recipe for target 'cmTC_1ac72/fast' failed
make: *** [cmTC_1ac72/fast] Error 2


Performing C SOURCE FILE Test HAVE_AVX512 failed with the following output:
Change Dir: /home/richsoap/Workspaces/srsLTE/build/CMakeFiles/CMakeTmp

Run Build Command:"/usr/bin/make" "cmTC_64313/fast"
/usr/bin/make -f CMakeFiles/cmTC_64313.dir/build.make CMakeFiles/cmTC_64313.dir/build
make[1]: Entering directory '/home/richsoap/Workspaces/srsLTE/build/CMakeFiles/CMakeTmp'
Building C object CMakeFiles/cmTC_64313.dir/src.c.o
/usr/bin/cc    -DHAVE_AVX512 -mavx512f   -o CMakeFiles/cmTC_64313.dir/src.c.o   -c /home/richsoap/Workspaces/srsLTE/build/CMakeFiles/CMakeTmp/src.c
Linking C executable cmTC_64313
/usr/bin/cmake -E cmake_link_script CMakeFiles/cmTC_64313.dir/link.txt --verbose=1
/usr/bin/cc   -DHAVE_AVX512 -mavx512f    CMakeFiles/cmTC_64313.dir/src.c.o  -o cmTC_64313 -rdynamic 
make[1]: Leaving directory '/home/richsoap/Workspaces/srsLTE/build/CMakeFiles/CMakeTmp'

Return value: FAILED_TO_RUN
Source file was:

          #include <immintrin.h>
          int main()
          {
            __m512i a, b, c;
            const int src[16] = { 0x0, 0x1, 0x2, 0x3, 0x4, 0x5, 0x6, 0x7, 0x8 , 0x9, 0xA, 0xB, 0xC, 0xD, 0xE, 0xF};
            int dst[16];
            a =  _mm512_loadu_si512( (__m512i*)src );
            b =  _mm512_loadu_si512( (__m512i*)src );
            c = _mm512_add_epi32( a, b );
            _mm512_storeu_si512( (__m512i*)dst, c );
            int i = 0;
            for( i = 0; i < 16; i++ ){
              if( ( src[i] + src[i] ) != dst[i] ){
                return -1;
              }
            }
            return 0;
          }
Performing C++ SOURCE FILE Test HAVE_VISIBILITY_HIDDEN failed with the following output:
Change Dir: /home/richsoap/Workspaces/srsLTE/build/CMakeFiles/CMakeTmp

Run Build Command:"/usr/bin/make" "cmTC_0e4f6/fast"
/usr/bin/make -f CMakeFiles/cmTC_0e4f6.dir/build.make CMakeFiles/cmTC_0e4f6.dir/build
make[1]: Entering directory '/home/richsoap/Workspaces/srsLTE/build/CMakeFiles/CMakeTmp'
Building CXX object CMakeFiles/cmTC_0e4f6.dir/src.cxx.o
/usr/bin/c++     -march=native -Wall -Wno-comment -Wno-reorder -Wno-unused-but-set-variable -Wno-unused-variable -Wformat -Wmissing-field-initializers -Wtype-limits -std=c++03 -mfpmath=sse -mavx2 -DLV_HAVE_AVX2 -DLV_HAVE_AVX -DLV_HAVE_SSE -O3 -DBUILD_TYPE_RELEASE -DHAVE_VISIBILITY_HIDDEN  -march=native -Wall -Wno-comment -Wno-write-strings -Winline -Wno-unused-result -Wformat -Wmissing-field-initializers -Wtype-limits -std=c99 -D_GNU_SOURCE -O3 -DBUILD_TYPE_RELEASE -mfpmath=sse -mavx2 -DLV_HAVE_AVX2 -DLV_HAVE_AVX -DLV_HAVE_SSE -mfma -DLV_HAVE_FMA -Ofast -funroll-loops   -fvisibility=hidden -o CMakeFiles/cmTC_0e4f6.dir/src.cxx.o -c /home/richsoap/Workspaces/srsLTE/build/CMakeFiles/CMakeTmp/src.cxx
cc1plus: warning: command line option '-std=c99' is valid for C/ObjC but not for C++
Linking CXX executable cmTC_0e4f6
/usr/bin/cmake -E cmake_link_script CMakeFiles/cmTC_0e4f6.dir/link.txt --verbose=1
/usr/bin/c++    -march=native -Wall -Wno-comment -Wno-reorder -Wno-unused-but-set-variable -Wno-unused-variable -Wformat -Wmissing-field-initializers -Wtype-limits -std=c++03 -mfpmath=sse -mavx2 -DLV_HAVE_AVX2 -DLV_HAVE_AVX -DLV_HAVE_SSE -O3 -DBUILD_TYPE_RELEASE -DHAVE_VISIBILITY_HIDDEN  -march=native -Wall -Wno-comment -Wno-write-strings -Winline -Wno-unused-result -Wformat -Wmissing-field-initializers -Wtype-limits -std=c99 -D_GNU_SOURCE -O3 -DBUILD_TYPE_RELEASE -mfpmath=sse -mavx2 -DLV_HAVE_AVX2 -DLV_HAVE_AVX -DLV_HAVE_SSE -mfma -DLV_HAVE_FMA -Ofast -funroll-loops    CMakeFiles/cmTC_0e4f6.dir/src.cxx.o  -o cmTC_0e4f6 -rdynamic 
make[1]: Leaving directory '/home/richsoap/Workspaces/srsLTE/build/CMakeFiles/CMakeTmp'

Source file was:
int main() { return 0; }
